<?xml version="1.0" encoding="UTF-8"?>
<coverage generated="1726483987757" clover="3.2.0">
  <project timestamp="1726483987757" name="All files">
    <metrics statements="30" coveredstatements="25" conditionals="8" coveredconditionals="4" methods="13" coveredmethods="8" elements="51" coveredelements="37" complexity="0" loc="30" ncloc="30" packages="2" files="8" classes="8"/>
    <package name="Components">
      <metrics statements="20" coveredstatements="18" conditionals="8" coveredconditionals="4" methods="10" coveredmethods="8"/>
      <file name="Contact.js" path="C:\Users\mogil\Desktop\Telegram Courses\Namaste React\React Tutorials\Talk is Cheap, Show Me the Code\src\Components\Contact.js">
        <metrics statements="2" coveredstatements="2" conditionals="0" coveredconditionals="0" methods="1" coveredmethods="1"/>
        <line num="1" count="1" type="stmt"/>
        <line num="2" count="5" type="stmt"/>
      </file>
      <file name="Header.js" path="C:\Users\mogil\Desktop\Telegram Courses\Namaste React\React Tutorials\Talk is Cheap, Show Me the Code\src\Components\Header.js">
        <metrics statements="8" coveredstatements="8" conditionals="8" coveredconditionals="4" methods="4" coveredmethods="4"/>
        <line num="10" count="1" type="stmt"/>
        <line num="12" count="3" type="stmt"/>
        <line num="15" count="3" type="stmt"/>
        <line num="18" count="3" type="cond" truecount="1" falsecount="1"/>
        <line num="21" count="5" type="stmt"/>
        <line num="23" count="3" type="stmt"/>
        <line num="79" count="1" type="stmt"/>
        <line num="80" count="1" type="cond" truecount="1" falsecount="1"/>
      </file>
      <file name="Sum.js" path="C:\Users\mogil\Desktop\Telegram Courses\Namaste React\React Tutorials\Talk is Cheap, Show Me the Code\src\Components\Sum.js">
        <metrics statements="2" coveredstatements="2" conditionals="0" coveredconditionals="0" methods="1" coveredmethods="1"/>
        <line num="1" count="1" type="stmt"/>
        <line num="2" count="1" type="stmt"/>
      </file>
      <file name="useOnlineStatus.js" path="C:\Users\mogil\Desktop\Telegram Courses\Namaste React\React Tutorials\Talk is Cheap, Show Me the Code\src\Components\useOnlineStatus.js">
        <metrics statements="8" coveredstatements="6" conditionals="0" coveredconditionals="0" methods="4" coveredmethods="2"/>
        <line num="3" count="1" type="stmt"/>
        <line num="4" count="3" type="stmt"/>
        <line num="6" count="3" type="stmt"/>
        <line num="7" count="2" type="stmt"/>
        <line num="8" count="0" type="stmt"/>
        <line num="11" count="2" type="stmt"/>
        <line num="12" count="0" type="stmt"/>
        <line num="15" count="3" type="stmt"/>
      </file>
    </package>
    <package name="utils">
      <metrics statements="10" coveredstatements="7" conditionals="0" coveredconditionals="0" methods="3" coveredmethods="0"/>
      <file name="UserContext.js" path="C:\Users\mogil\Desktop\Telegram Courses\Namaste React\React Tutorials\Talk is Cheap, Show Me the Code\src\utils\UserContext.js">
        <metrics statements="1" coveredstatements="1" conditionals="0" coveredconditionals="0" methods="0" coveredmethods="0"/>
        <line num="4" count="1" type="stmt"/>
      </file>
      <file name="appStore.js" path="C:\Users\mogil\Desktop\Telegram Courses\Namaste React\React Tutorials\Talk is Cheap, Show Me the Code\src\utils\appStore.js">
        <metrics statements="1" coveredstatements="1" conditionals="0" coveredconditionals="0" methods="0" coveredmethods="0"/>
        <line num="5" count="1" type="stmt"/>
      </file>
      <file name="cartSlice.js" path="C:\Users\mogil\Desktop\Telegram Courses\Namaste React\React Tutorials\Talk is Cheap, Show Me the Code\src\utils\cartSlice.js">
        <metrics statements="5" coveredstatements="2" conditionals="0" coveredconditionals="0" methods="3" coveredmethods="0"/>
        <line num="3" count="1" type="stmt"/>
        <line num="18" count="0" type="stmt"/>
        <line num="21" count="0" type="stmt"/>
        <line num="24" count="0" type="stmt"/>
        <line num="30" count="1" type="stmt"/>
      </file>
      <file name="constants.js" path="C:\Users\mogil\Desktop\Telegram Courses\Namaste React\React Tutorials\Talk is Cheap, Show Me the Code\src\utils\constants.js">
        <metrics statements="3" coveredstatements="3" conditionals="0" coveredconditionals="0" methods="0" coveredmethods="0"/>
        <line num="3" count="1" type="stmt"/>
        <line num="7" count="1" type="stmt"/>
        <line num="10" count="1" type="stmt"/>
      </file>
    </package>
  </project>
</coverage>
