{"C:\\Users\\mogil\\Desktop\\Telegram Courses\\Namaste React\\React Tutorials\\Talk is Cheap, Show Me the Code\\src\\Components\\Contact.js": {"path":"C:\\Users\\mogil\\Desktop\\Telegram Courses\\Namaste React\\React Tutorials\\Talk is Cheap, Show Me the Code\\src\\Components\\Contact.js","statementMap":{"0":{"start":{"line":1,"column":16},"end":{"line":58,"column":1}},"1":{"start":{"line":2,"column":2},"end":{"line":57,"column":4}}},"fnMap":{"0":{"name":"(anonymous_0)","decl":{"start":{"line":1,"column":16},"end":{"line":1,"column":17}},"loc":{"start":{"line":1,"column":22},"end":{"line":58,"column":1}},"line":1}},"branchMap":{},"s":{"0":1,"1":5},"f":{"0":5},"b":{},"_coverageSchema":"1a1c01bbd47fc00a2c39e90264f33305004495a9","hash":"284d48b4dadae9a33924b91e4c25a31721561d7b"}
,"C:\\Users\\mogil\\Desktop\\Telegram Courses\\Namaste React\\React Tutorials\\Talk is Cheap, Show Me the Code\\src\\Components\\Header.js": {"path":"C:\\Users\\mogil\\Desktop\\Telegram Courses\\Namaste React\\React Tutorials\\Talk is Cheap, Show Me the Code\\src\\Components\\Header.js","statementMap":{"0":{"start":{"line":10,"column":15},"end":{"line":90,"column":1}},"1":{"start":{"line":12,"column":42},"end":{"line":12,"column":59}},"2":{"start":{"line":15,"column":19},"end":{"line":15,"column":36}},"3":{"start":{"line":18,"column":27},"end":{"line":18,"column":61}},"4":{"start":{"line":21,"column":20},"end":{"line":21,"column":60}},"5":{"start":{"line":21,"column":43},"end":{"line":21,"column":59}},"6":{"start":{"line":23,"column":2},"end":{"line":89,"column":4}},"7":{"start":{"line":79,"column":14},"end":{"line":81,"column":16}},"8":{"start":{"line":80,"column":16},"end":{"line":80,"column":57}}},"fnMap":{"0":{"name":"(anonymous_0)","decl":{"start":{"line":10,"column":15},"end":{"line":10,"column":16}},"loc":{"start":{"line":10,"column":21},"end":{"line":90,"column":1}},"line":10},"1":{"name":"(anonymous_1)","decl":{"start":{"line":21,"column":32},"end":{"line":21,"column":33}},"loc":{"start":{"line":21,"column":43},"end":{"line":21,"column":59}},"line":21},"2":{"name":"(anonymous_2)","decl":{"start":{"line":77,"column":21},"end":{"line":77,"column":22}},"loc":{"start":{"line":77,"column":27},"end":{"line":82,"column":13}},"line":77},"3":{"name":"(anonymous_3)","decl":{"start":{"line":79,"column":30},"end":{"line":79,"column":31}},"loc":{"start":{"line":80,"column":16},"end":{"line":80,"column":57}},"line":80}},"branchMap":{"0":{"loc":{"start":{"line":18,"column":27},"end":{"line":18,"column":61}},"type":"binary-expr","locations":[{"start":{"line":18,"column":27},"end":{"line":18,"column":50}},{"start":{"line":18,"column":54},"end":{"line":18,"column":61}}],"line":18},"1":{"loc":{"start":{"line":35,"column":18},"end":{"line":35,"column":62}},"type":"cond-expr","locations":[{"start":{"line":35,"column":29},"end":{"line":35,"column":45}},{"start":{"line":35,"column":48},"end":{"line":35,"column":62}}],"line":35},"2":{"loc":{"start":{"line":38,"column":17},"end":{"line":38,"column":53}},"type":"cond-expr","locations":[{"start":{"line":38,"column":28},"end":{"line":38,"column":38}},{"start":{"line":38,"column":41},"end":{"line":38,"column":53}}],"line":38},"3":{"loc":{"start":{"line":80,"column":16},"end":{"line":80,"column":57}},"type":"cond-expr","locations":[{"start":{"line":80,"column":39},"end":{"line":80,"column":47}},{"start":{"line":80,"column":50},"end":{"line":80,"column":57}}],"line":80}},"s":{"0":1,"1":3,"2":3,"3":3,"4":3,"5":5,"6":3,"7":1,"8":1},"f":{"0":3,"1":5,"2":1,"3":1},"b":{"0":[3,0],"1":[3,0],"2":[3,0],"3":[1,0]},"_coverageSchema":"1a1c01bbd47fc00a2c39e90264f33305004495a9","hash":"ac6a9516ea54ac22fbecb4abaa743b8898cb0190"}
,"C:\\Users\\mogil\\Desktop\\Telegram Courses\\Namaste React\\React Tutorials\\Talk is Cheap, Show Me the Code\\src\\Components\\Sum.js": {"path":"C:\\Users\\mogil\\Desktop\\Telegram Courses\\Namaste React\\React Tutorials\\Talk is Cheap, Show Me the Code\\src\\Components\\Sum.js","statementMap":{"0":{"start":{"line":1,"column":19},"end":{"line":3,"column":1}},"1":{"start":{"line":2,"column":2},"end":{"line":2,"column":15}}},"fnMap":{"0":{"name":"(anonymous_0)","decl":{"start":{"line":1,"column":19},"end":{"line":1,"column":20}},"loc":{"start":{"line":1,"column":29},"end":{"line":3,"column":1}},"line":1}},"branchMap":{},"s":{"0":1,"1":1},"f":{"0":1},"b":{},"_coverageSchema":"1a1c01bbd47fc00a2c39e90264f33305004495a9","hash":"3be114b6ac48aed2712b9e6376e6066dcf89084b"}
,"C:\\Users\\mogil\\Desktop\\Telegram Courses\\Namaste React\\React Tutorials\\Talk is Cheap, Show Me the Code\\src\\Components\\useOnlineStatus.js": {"path":"C:\\Users\\mogil\\Desktop\\Telegram Courses\\Namaste React\\React Tutorials\\Talk is Cheap, Show Me the Code\\src\\Components\\useOnlineStatus.js","statementMap":{"0":{"start":{"line":3,"column":24},"end":{"line":16,"column":1}},"1":{"start":{"line":4,"column":40},"end":{"line":4,"column":54}},"2":{"start":{"line":6,"column":2},"end":{"line":14,"column":9}},"3":{"start":{"line":7,"column":4},"end":{"line":9,"column":7}},"4":{"start":{"line":8,"column":6},"end":{"line":8,"column":27}},"5":{"start":{"line":11,"column":4},"end":{"line":13,"column":7}},"6":{"start":{"line":12,"column":6},"end":{"line":12,"column":28}},"7":{"start":{"line":15,"column":2},"end":{"line":15,"column":21}}},"fnMap":{"0":{"name":"(anonymous_0)","decl":{"start":{"line":3,"column":24},"end":{"line":3,"column":25}},"loc":{"start":{"line":3,"column":30},"end":{"line":16,"column":1}},"line":3},"1":{"name":"(anonymous_1)","decl":{"start":{"line":6,"column":12},"end":{"line":6,"column":13}},"loc":{"start":{"line":6,"column":18},"end":{"line":14,"column":3}},"line":6},"2":{"name":"(anonymous_2)","decl":{"start":{"line":7,"column":38},"end":{"line":7,"column":39}},"loc":{"start":{"line":7,"column":44},"end":{"line":9,"column":5}},"line":7},"3":{"name":"(anonymous_3)","decl":{"start":{"line":11,"column":39},"end":{"line":11,"column":40}},"loc":{"start":{"line":11,"column":45},"end":{"line":13,"column":5}},"line":11}},"branchMap":{},"s":{"0":1,"1":3,"2":3,"3":2,"4":0,"5":2,"6":0,"7":3},"f":{"0":3,"1":2,"2":0,"3":0},"b":{},"_coverageSchema":"1a1c01bbd47fc00a2c39e90264f33305004495a9","hash":"2469b4fdf0a9e416afb41d707b6fa2919f9cbe3f"}
,"C:\\Users\\mogil\\Desktop\\Telegram Courses\\Namaste React\\React Tutorials\\Talk is Cheap, Show Me the Code\\src\\utils\\UserContext.js": {"path":"C:\\Users\\mogil\\Desktop\\Telegram Courses\\Namaste React\\React Tutorials\\Talk is Cheap, Show Me the Code\\src\\utils\\UserContext.js","statementMap":{"0":{"start":{"line":4,"column":20},"end":{"line":4,"column":52}}},"fnMap":{},"branchMap":{},"s":{"0":1},"f":{},"b":{},"_coverageSchema":"1a1c01bbd47fc00a2c39e90264f33305004495a9","hash":"8af15a8489459d1b3f59cf71a42c6710a23e0334"}
,"C:\\Users\\mogil\\Desktop\\Telegram Courses\\Namaste React\\React Tutorials\\Talk is Cheap, Show Me the Code\\src\\utils\\appStore.js": {"path":"C:\\Users\\mogil\\Desktop\\Telegram Courses\\Namaste React\\React Tutorials\\Talk is Cheap, Show Me the Code\\src\\utils\\appStore.js","statementMap":{"0":{"start":{"line":5,"column":17},"end":{"line":9,"column":2}}},"fnMap":{},"branchMap":{},"s":{"0":1},"f":{},"b":{},"_coverageSchema":"1a1c01bbd47fc00a2c39e90264f33305004495a9","hash":"69dde5180ff30c9cf423db9d48bc7b2aa9086bd1"}
,"C:\\Users\\mogil\\Desktop\\Telegram Courses\\Namaste React\\React Tutorials\\Talk is Cheap, Show Me the Code\\src\\utils\\cartSlice.js": {"path":"C:\\Users\\mogil\\Desktop\\Telegram Courses\\Namaste React\\React Tutorials\\Talk is Cheap, Show Me the Code\\src\\utils\\cartSlice.js","statementMap":{"0":{"start":{"line":3,"column":18},"end":{"line":28,"column":2}},"1":{"start":{"line":18,"column":6},"end":{"line":18,"column":39}},"2":{"start":{"line":21,"column":6},"end":{"line":21,"column":24}},"3":{"start":{"line":24,"column":6},"end":{"line":24,"column":29}},"4":{"start":{"line":30,"column":50},"end":{"line":30,"column":67}}},"fnMap":{"0":{"name":"(anonymous_0)","decl":{"start":{"line":9,"column":13},"end":{"line":9,"column":14}},"loc":{"start":{"line":9,"column":32},"end":{"line":19,"column":5}},"line":9},"1":{"name":"(anonymous_1)","decl":{"start":{"line":20,"column":16},"end":{"line":20,"column":17}},"loc":{"start":{"line":20,"column":27},"end":{"line":22,"column":5}},"line":20},"2":{"name":"(anonymous_2)","decl":{"start":{"line":23,"column":15},"end":{"line":23,"column":16}},"loc":{"start":{"line":23,"column":26},"end":{"line":26,"column":5}},"line":23}},"branchMap":{},"s":{"0":1,"1":0,"2":0,"3":0,"4":1},"f":{"0":0,"1":0,"2":0},"b":{},"_coverageSchema":"1a1c01bbd47fc00a2c39e90264f33305004495a9","hash":"761765b846ce69fd1b8cd6876bd2f5737672a239"}
,"C:\\Users\\mogil\\Desktop\\Telegram Courses\\Namaste React\\React Tutorials\\Talk is Cheap, Show Me the Code\\src\\utils\\constants.js": {"path":"C:\\Users\\mogil\\Desktop\\Telegram Courses\\Namaste React\\React Tutorials\\Talk is Cheap, Show Me the Code\\src\\utils\\constants.js","statementMap":{"0":{"start":{"line":3,"column":2},"end":{"line":3,"column":91}},"1":{"start":{"line":7,"column":2},"end":{"line":7,"column":129}},"2":{"start":{"line":10,"column":2},"end":{"line":10,"column":125}}},"fnMap":{},"branchMap":{},"s":{"0":1,"1":1,"2":1},"f":{},"b":{},"_coverageSchema":"1a1c01bbd47fc00a2c39e90264f33305004495a9","hash":"2ec66b6c53f130e464e3488b9b54e59b68ec5d2a"}
}
